[2022-02-18 15:17:38] [DEBUG] GET from : undefined
[2022-02-18 15:17:49] [DEBUG] GET from : undefined
[2022-02-18 15:18:3] [DEBUG] GET from : undefined
[2022-02-18 15:18:6] [DEBUG] GET from : undefined
[2022-02-18 15:19:54] [DEBUG] GET from : undefined
[2022-02-18 15:19:55] [DEBUG] GET from : undefined
[2022-02-18 15:19:55] [DEBUG] GET from : undefined
[2022-02-18 15:19:55] [DEBUG] GET from : undefined
[2022-02-18 15:19:55] [DEBUG] GET from : undefined
[2022-02-18 15:22:9] [DEBUG] GET from : undefined
[2022-02-18 15:22:10] [DEBUG] GET from : undefined
[2022-02-18 15:22:21] [DEBUG] GET from : undefined
[2022-02-18 15:22:50] [DEBUG] GET from : undefined
[2022-02-18 15:22:51] [DEBUG] GET from : undefined
[2022-02-18 15:22:52] [DEBUG] GET from : undefined
[2022-02-18 15:22:52] [DEBUG] GET from : undefined
[2022-02-18 15:22:52] [DEBUG] GET from : undefined
[2022-02-18 15:31:30] [DEBUG] GET from : undefined
[2022-02-18 15:31:34] [DEBUG] GET from : undefined
[2022-02-18 15:31:56] [DEBUG] GET from : undefined
[2022-02-18 15:32:24] [DEBUG] GET from : undefined
[2022-02-18 15:32:35] [DEBUG] GET from : undefined
[2022-02-18 15:36:29] [DEBUG] GET from : undefined
[2022-02-18 15:36:49] [DEBUG] GET from : undefined
[2022-02-18 15:36:56] [DEBUG] GET from : undefined
[2022-02-18 15:36:57] [DEBUG] GET from : undefined
[2022-02-18 15:36:57] [DEBUG] GET from : undefined
[2022-02-18 15:36:57] [DEBUG] GET from : undefined
[2022-02-18 15:36:59] [DEBUG] GET from : undefined
[2022-02-18 15:37:54] [DEBUG] GET from : undefined
[2022-02-18 15:38:11] [DEBUG] GET from : undefined
[2022-02-18 15:38:13] [DEBUG] GET from : undefined
[2022-02-18 15:38:16] [DEBUG] GET from : undefined
[2022-02-18 15:38:41] [DEBUG] GET from : undefined
[2022-02-18 15:39:12] [DEBUG] GET from : undefined
[2022-02-18 15:39:14] [DEBUG] GET from : undefined
[2022-02-18 15:40:38] [DEBUG] GET from : undefined
[2022-02-18 15:40:58] [DEBUG] GET from : undefined
[2022-02-18 15:41:22] [DEBUG] GET from : undefined
[2022-02-18 15:41:30] [DEBUG] GET from : undefined
[2022-02-18 15:41:34] [DEBUG] GET from : undefined
[2022-02-18 15:41:48] [DEBUG] GET from : undefined
[2022-02-18 15:41:49] [DEBUG] GET from : undefined
[2022-02-18 15:41:49] [DEBUG] GET from : undefined
[2022-02-18 15:41:49] [DEBUG] GET from : undefined
[2022-02-18 15:41:49] [DEBUG] GET from : undefined
[2022-02-18 15:41:50] [DEBUG] GET from : undefined
[2022-02-18 15:41:51] [DEBUG] GET from : undefined
[2022-02-18 15:42:1] [DEBUG] GET from : undefined
[2022-02-18 15:42:6] [DEBUG] GET from : undefined
[2022-02-18 15:44:12] [DEBUG] GET from : undefined
[2022-02-18 15:44:30] [DEBUG] GET from : undefined
[2022-02-18 15:45:15] [DEBUG] GET from : undefined
[2022-02-18 15:45:18] [DEBUG] GET from : undefined
[2022-02-18 15:45:18] [DEBUG] GET from : undefined
[2022-02-18 15:45:18] [DEBUG] GET from : undefined
[2022-02-18 15:45:44] [DEBUG] GET from : undefined
[2022-02-18 15:46:3] [DEBUG] GET from : undefined
[2022-02-18 15:46:16] [DEBUG] GET from : undefined
[2022-02-18 15:46:18] [DEBUG] GET from : undefined
[2022-02-18 15:47:43] [DEBUG] GET from : undefined
[2022-02-18 15:47:50] [DEBUG] GET from : undefined
[2022-02-18 15:49:11] [DEBUG] GET from : undefined
[2022-02-18 15:49:33] [DEBUG] GET from : undefined
[2022-02-18 17:10:50] [DEBUG] GET from : undefined
[2022-02-18 17:13:36] [DEBUG] GET from : undefined
[2022-02-18 17:14:44] [DEBUG] GET from : undefined
[2022-02-18 17:14:44] [DEBUG] GET from : undefined
[2022-02-18 17:14:48] [DEBUG] GET from : undefined
[2022-02-18 17:15:31] [DEBUG] GET from : undefined
[2022-02-18 17:15:47] [DEBUG] GET from : undefined
[2022-02-18 17:15:54] [DEBUG] GET from : undefined
[2022-02-18 17:16:28] [DEBUG] GET from : undefined
[2022-02-18 17:17:13] [DEBUG] GET from : undefined
[2022-02-18 17:17:31] [DEBUG] GET from : undefined
[2022-02-18 17:18:33] [DEBUG] GET from : undefined
[2022-02-18 17:18:39] [DEBUG] GET from : undefined
[2022-02-18 17:22:18] [DEBUG] GET from : undefined
[2022-02-18 17:22:22] [DEBUG] GET from : undefined
[2022-02-18 17:22:45] [DEBUG] GET from : undefined
[2022-02-18 17:22:47] [DEBUG] GET from : undefined
[2022-02-18 17:23:6] [DEBUG] GET from : undefined
[2022-02-18 17:24:6] [DEBUG] GET from : undefined
[2022-02-18 17:24:26] [DEBUG] GET from : undefined
[2022-02-18 17:24:35] [DEBUG] GET from : undefined
[2022-02-18 17:24:50] [DEBUG] GET from : undefined
[2022-02-18 17:24:57] [DEBUG] GET from : undefined
[2022-02-18 17:26:26] [DEBUG] GET from : undefined
[2022-02-18 17:27:46] [DEBUG] GET from : undefined
[2022-02-18 17:27:53] [DEBUG] GET from : undefined
[2022-02-18 17:27:55] [DEBUG] GET from : undefined
[2022-02-18 17:27:57] [DEBUG] GET from : undefined
[2022-02-18 17:27:57] [DEBUG] GET from : undefined
[2022-02-18 17:27:57] [DEBUG] GET from : undefined
[2022-02-18 17:27:57] [DEBUG] GET from : undefined
[2022-02-18 17:27:59] [DEBUG] GET from : undefined
[2022-02-18 17:28:0] [DEBUG] GET from : undefined
[2022-02-18 17:28:0] [DEBUG] GET from : undefined
[2022-02-18 17:30:11] [DEBUG] GET from : undefined
[2022-02-18 17:30:32] [DEBUG] GET from : undefined
[2022-02-18 17:30:51] [DEBUG] GET from : undefined
[2022-02-18 17:31:1] [DEBUG] GET from : undefined
[2022-02-18 17:31:4] [DEBUG] GET from : undefined
[2022-02-18 17:31:7] [DEBUG] GET from : undefined
[2022-02-18 17:31:15] [DEBUG] GET from : undefined
[2022-02-18 17:31:18] [DEBUG] GET from : undefined
[2022-02-18 17:31:24] [DEBUG] GET from : undefined
[2022-02-18 17:31:34] [DEBUG] GET from : undefined
[2022-02-18 17:31:36] [DEBUG] GET from : undefined
[2022-02-18 17:31:43] [DEBUG] GET from : undefined
[2022-02-18 17:31:51] [DEBUG] GET from : undefined
[2022-02-18 17:32:3] [DEBUG] GET from : undefined
[2022-02-18 17:32:29] [DEBUG] GET from : undefined
[2022-02-18 17:35:31] [DEBUG] GET from : undefined
[2022-02-18 17:35:34] [DEBUG] GET from : undefined
[2022-02-18 17:43:49] [DEBUG] GET from : undefined
[2022-02-18 17:44:15] [DEBUG] GET from : undefined
[2022-02-18 17:44:29] [DEBUG] GET from : undefined
[2022-02-18 17:44:36] [DEBUG] GET from : undefined
[2022-02-18 17:44:48] [DEBUG] GET from : undefined
[2022-02-18 17:44:56] [DEBUG] GET from : undefined
[2022-02-18 17:44:58] [DEBUG] GET from : undefined
[2022-02-18 17:46:1] [DEBUG] GET from : undefined
[2022-02-18 17:47:28] [DEBUG] GET from : undefined
[2022-02-18 17:47:37] [DEBUG] GET from : undefined
[2022-02-18 17:48:8] [DEBUG] GET from : undefined
[2022-02-18 17:48:35] [DEBUG] GET from : undefined
[2022-02-18 17:48:57] [DEBUG] GET from : undefined
[2022-02-18 17:57:10] [DEBUG] GET from : undefined
[2022-02-18 17:57:31] [DEBUG] GET from : undefined
[2022-02-18 17:57:33] [DEBUG] GET from : undefined
[2022-02-18 17:57:45] [DEBUG] GET from : undefined
[2022-02-18 17:58:25] [DEBUG] GET from : undefined
[2022-02-18 17:58:42] [DEBUG] GET from : undefined
[2022-02-18 17:59:6] [DEBUG] GET from : undefined
[2022-02-18 18:0:25] [DEBUG] GET from : undefined
[2022-02-18 18:0:34] [DEBUG] GET from : undefined
[2022-02-18 18:0:54] [DEBUG] GET from : undefined
[2022-02-18 18:8:34] [DEBUG] GET from : undefined
[2022-02-18 18:12:43] [DEBUG] GET from : undefined
[2022-02-18 18:13:7] [DEBUG] GET from : undefined
[2022-02-18 18:13:11] [DEBUG] GET from : undefined
[2022-02-18 18:13:23] [DEBUG] GET from : undefined
[2022-02-18 18:13:39] [DEBUG] GET from : undefined
[2022-02-18 18:13:56] [DEBUG] GET from : undefined
[2022-02-18 18:13:58] [DEBUG] GET from : undefined
[2022-02-18 18:13:59] [DEBUG] GET from : undefined
[2022-02-18 18:14:8] [DEBUG] GET from : undefined
[2022-02-18 18:14:21] [DEBUG] GET from : undefined
[2022-02-18 18:15:18] [DEBUG] GET from : undefined
[2022-02-18 18:15:33] [DEBUG] GET from : undefined
[2022-02-18 18:15:40] [DEBUG] GET from : undefined
[2022-02-18 18:16:37] [DEBUG] GET from : undefined
[2022-02-18 18:16:52] [DEBUG] GET from : undefined
[2022-02-18 18:18:15] [DEBUG] GET from : undefined
[2022-02-18 18:18:25] [DEBUG] GET from : undefined
[2022-02-18 18:18:30] [DEBUG] GET from : undefined
[2022-02-18 18:19:53] [DEBUG] GET from : undefined
[2022-02-18 18:19:54] [DEBUG] GET from : undefined
[2022-02-18 18:19:54] [DEBUG] GET from : undefined
[2022-02-18 18:19:54] [DEBUG] GET from : undefined
[2022-02-18 18:19:54] [DEBUG] GET from : undefined
[2022-02-18 18:19:55] [DEBUG] GET from : undefined
[2022-02-18 18:19:55] [DEBUG] GET from : undefined
[2022-02-18 18:19:55] [DEBUG] GET from : undefined
[2022-02-18 18:19:56] [DEBUG] GET from : undefined
[2022-02-18 18:22:7] [DEBUG] GET from : undefined
[2022-02-18 18:22:19] [DEBUG] GET from : undefined
[2022-02-18 18:22:27] [DEBUG] GET from : undefined
[2022-02-18 18:23:5] [DEBUG] GET from : undefined
[2022-02-18 18:23:18] [DEBUG] GET from : undefined
[2022-02-18 18:26:38] [DEBUG] GET from : undefined
[2022-02-18 18:26:40] [DEBUG] GET from : undefined
[2022-02-18 18:26:47] [DEBUG] GET from : undefined
[2022-02-18 18:27:2] [DEBUG] GET from : undefined
[2022-02-18 18:30:38] [DEBUG] GET from : undefined
[2022-02-18 18:30:39] [DEBUG] GET from : undefined
[2022-02-18 18:30:44] [DEBUG] GET from : undefined
[2022-02-18 18:30:47] [DEBUG] GET from : undefined
[2022-02-18 18:30:51] [DEBUG] GET from : undefined
[2022-02-18 18:30:58] [DEBUG] GET from : undefined
[2022-02-18 18:32:26] [DEBUG] GET from : undefined
[2022-02-18 18:32:57] [DEBUG] GET from : undefined
[2022-02-18 18:33:0] [DEBUG] GET from : undefined
[2022-02-18 18:33:10] [DEBUG] GET from : undefined
[2022-02-18 18:33:19] [DEBUG] GET from : undefined
[2022-02-18 18:33:44] [DEBUG] GET from : undefined
[2022-02-18 18:33:49] [DEBUG] GET from : undefined
[2022-02-18 18:33:58] [DEBUG] GET from : undefined
[2022-02-18 18:33:58] [DEBUG] GET from : undefined
[2022-02-18 18:34:11] [DEBUG] GET from : undefined
[2022-02-18 18:34:19] [DEBUG] GET from : undefined
[2022-02-18 18:34:19] [DEBUG] GET from : undefined
[2022-02-18 18:34:53] [DEBUG] GET from : undefined
[2022-02-18 18:35:7] [DEBUG] GET from : undefined
[2022-02-18 18:35:7] [DEBUG] GET from : undefined
[2022-02-18 18:35:7] [DEBUG] GET from : undefined
[2022-02-18 18:35:7] [DEBUG] GET from : undefined
[2022-02-18 18:35:7] [DEBUG] GET from : undefined
[2022-02-18 18:35:7] [DEBUG] GET from : undefined
[2022-02-18 18:35:7] [DEBUG] GET from : undefined
[2022-02-18 18:35:7] [DEBUG] GET from : undefined
[2022-02-18 18:35:7] [DEBUG] GET from : undefined
[2022-02-18 18:35:7] [DEBUG] GET from : undefined
[2022-02-18 18:35:8] [DEBUG] GET from : undefined
[2022-02-18 18:35:8] [DEBUG] GET from : undefined
[2022-02-18 18:35:8] [DEBUG] GET from : undefined
[2022-02-18 18:35:8] [DEBUG] GET from : undefined
[2022-02-18 18:35:8] [DEBUG] GET from : undefined
[2022-02-18 18:35:8] [DEBUG] GET from : undefined
[2022-02-18 18:35:8] [DEBUG] GET from : undefined
[2022-02-18 18:35:8] [DEBUG] GET from : undefined
[2022-02-18 18:35:8] [DEBUG] GET from : undefined
[2022-02-18 18:35:8] [DEBUG] GET from : undefined
[2022-02-18 18:35:8] [DEBUG] GET from : undefined
[2022-02-18 18:35:9] [DEBUG] GET from : undefined
[2022-02-18 18:35:9] [DEBUG] GET from : undefined
[2022-02-18 18:35:9] [DEBUG] GET from : undefined
[2022-02-18 18:35:9] [DEBUG] GET from : undefined
[2022-02-18 18:35:9] [DEBUG] GET from : undefined
[2022-02-18 18:35:9] [DEBUG] GET from : undefined
[2022-02-18 18:35:9] [DEBUG] GET from : undefined
[2022-02-18 18:35:9] [DEBUG] GET from : undefined
[2022-02-18 18:35:9] [DEBUG] GET from : undefined
[2022-02-18 18:35:9] [DEBUG] GET from : undefined
[2022-02-18 18:35:9] [DEBUG] GET from : undefined
[2022-02-18 18:35:10] [DEBUG] GET from : undefined
[2022-02-18 18:35:10] [DEBUG] GET from : undefined
[2022-02-18 18:35:10] [DEBUG] GET from : undefined
[2022-02-18 18:35:10] [DEBUG] GET from : undefined
[2022-02-18 18:35:10] [DEBUG] GET from : undefined
[2022-02-18 18:35:10] [DEBUG] GET from : undefined
[2022-02-18 18:35:10] [DEBUG] GET from : undefined
[2022-02-18 18:35:10] [DEBUG] GET from : undefined
[2022-02-18 18:35:10] [DEBUG] GET from : undefined
[2022-02-18 18:35:10] [DEBUG] GET from : undefined
[2022-02-18 18:35:10] [DEBUG] GET from : undefined
[2022-02-18 18:35:10] [DEBUG] GET from : undefined
[2022-02-18 18:35:11] [DEBUG] GET from : undefined
[2022-02-18 18:35:11] [DEBUG] GET from : undefined
[2022-02-18 18:35:11] [DEBUG] GET from : undefined
[2022-02-18 18:35:11] [DEBUG] GET from : undefined
[2022-02-18 18:35:11] [DEBUG] GET from : undefined
[2022-02-18 18:35:11] [DEBUG] GET from : undefined
[2022-02-18 18:35:11] [DEBUG] GET from : undefined
[2022-02-18 18:35:11] [DEBUG] GET from : undefined
[2022-02-18 18:35:11] [DEBUG] GET from : undefined
[2022-02-18 18:35:11] [DEBUG] GET from : undefined
[2022-02-18 18:35:11] [DEBUG] GET from : undefined
[2022-02-18 18:35:12] [DEBUG] GET from : undefined
[2022-02-18 18:35:12] [DEBUG] GET from : undefined
[2022-02-18 18:35:12] [DEBUG] GET from : undefined
[2022-02-18 18:35:12] [DEBUG] GET from : undefined
[2022-02-18 18:35:12] [DEBUG] GET from : undefined
[2022-02-18 18:35:12] [DEBUG] GET from : undefined
[2022-02-18 18:35:12] [DEBUG] GET from : undefined
[2022-02-18 18:35:12] [DEBUG] GET from : undefined
[2022-02-18 18:35:12] [DEBUG] GET from : undefined
[2022-02-18 18:35:12] [DEBUG] GET from : undefined
[2022-02-18 18:35:12] [DEBUG] GET from : undefined
[2022-02-18 18:35:13] [DEBUG] GET from : undefined
[2022-02-18 18:35:13] [DEBUG] GET from : undefined
[2022-02-18 18:35:13] [DEBUG] GET from : undefined
[2022-02-18 18:35:13] [DEBUG] GET from : undefined
[2022-02-18 18:35:13] [DEBUG] GET from : undefined
[2022-02-18 18:35:13] [DEBUG] GET from : undefined
[2022-02-18 18:35:13] [DEBUG] GET from : undefined
[2022-02-18 18:35:13] [DEBUG] GET from : undefined
[2022-02-18 18:35:13] [DEBUG] GET from : undefined
[2022-02-18 18:35:13] [DEBUG] GET from : undefined
[2022-02-18 18:35:14] [DEBUG] GET from : undefined
[2022-02-18 18:35:14] [DEBUG] GET from : undefined
[2022-02-18 18:35:14] [DEBUG] GET from : undefined
[2022-02-18 18:35:14] [DEBUG] GET from : undefined
[2022-02-18 18:35:14] [DEBUG] GET from : undefined
[2022-02-18 18:35:14] [DEBUG] GET from : undefined
[2022-02-18 18:35:14] [DEBUG] GET from : undefined
[2022-02-18 18:35:14] [DEBUG] GET from : undefined
[2022-02-18 18:35:14] [DEBUG] GET from : undefined
[2022-02-18 18:35:14] [DEBUG] GET from : undefined
[2022-02-18 18:35:14] [DEBUG] GET from : undefined
[2022-02-18 18:35:14] [DEBUG] GET from : undefined
[2022-02-18 18:35:15] [DEBUG] GET from : undefined
[2022-02-18 18:35:15] [DEBUG] GET from : undefined
[2022-02-18 18:35:15] [DEBUG] GET from : undefined
[2022-02-18 18:35:15] [DEBUG] GET from : undefined
[2022-02-18 18:35:15] [DEBUG] GET from : undefined
[2022-02-18 18:35:15] [DEBUG] GET from : undefined
[2022-02-18 18:35:15] [DEBUG] GET from : undefined
[2022-02-18 18:35:15] [DEBUG] GET from : undefined
[2022-02-18 18:35:15] [DEBUG] GET from : undefined
[2022-02-18 18:35:15] [DEBUG] GET from : undefined
[2022-02-18 18:35:15] [DEBUG] GET from : undefined
[2022-02-18 18:35:15] [DEBUG] GET from : undefined
[2022-02-18 18:35:16] [DEBUG] GET from : undefined
[2022-02-18 18:35:16] [DEBUG] GET from : undefined
[2022-02-18 18:35:16] [DEBUG] GET from : undefined
[2022-02-18 18:35:16] [DEBUG] GET from : undefined
[2022-02-18 18:35:16] [DEBUG] GET from : undefined
[2022-02-18 18:35:16] [DEBUG] GET from : undefined
[2022-02-18 18:35:16] [DEBUG] GET from : undefined
[2022-02-18 18:35:45] [DEBUG] GET from : undefined
[2022-02-18 18:36:35] [DEBUG] GET from : undefined
[2022-02-18 18:36:41] [DEBUG] GET from : undefined
[2022-02-18 18:36:49] [DEBUG] GET from : undefined
[2022-02-18 18:36:59] [DEBUG] GET from : undefined
[2022-02-18 19:33:54] [DEBUG] GET from : undefined
[2022-02-18 19:38:1] [DEBUG] GET from : undefined
[2022-02-18 19:38:46] [DEBUG] GET from : undefined
[2022-02-18 19:39:19] [DEBUG] GET from : undefined
[2022-02-18 19:39:28] [DEBUG] GET from : undefined
[2022-02-18 19:41:53] [DEBUG] GET from : undefined
[2022-02-18 19:44:29] [DEBUG] GET from : undefined
[2022-02-18 19:45:5] [DEBUG] GET from : undefined
[2022-02-18 19:46:12] [DEBUG] GET from : undefined
[2022-02-18 19:54:41] [DEBUG] GET from : undefined
[2022-02-18 19:55:11] [DEBUG] GET from : undefined
[2022-02-18 19:55:57] [DEBUG] GET from : undefined
[2022-02-18 19:56:20] [DEBUG] GET from : undefined
[2022-02-18 19:56:56] [DEBUG] GET from : undefined
[2022-02-18 20:3:44] [DEBUG] GET from : undefined
[2022-02-18 20:4:1] [DEBUG] GET from : undefined
[2022-02-18 20:4:26] [DEBUG] GET from : undefined
[2022-02-18 20:7:7] [DEBUG] GET from : undefined
[2022-02-18 20:7:18] [DEBUG] GET from : undefined
[2022-02-18 20:10:16] [DEBUG] GET from : undefined
[2022-02-18 20:15:23] [DEBUG] GET from : undefined
[2022-02-18 20:15:37] [DEBUG] GET from : undefined
[2022-02-18 20:15:52] [DEBUG] GET from : undefined
[2022-02-18 20:15:52] [DEBUG] GET from : undefined
[2022-02-18 20:15:52] [DEBUG] GET from : undefined
[2022-02-18 20:15:52] [DEBUG] GET from : undefined
[2022-02-18 20:15:52] [DEBUG] GET from : undefined
[2022-02-18 20:15:53] [DEBUG] GET from : undefined
[2022-02-18 20:15:53] [DEBUG] GET from : undefined
[2022-02-18 20:15:53] [DEBUG] GET from : undefined
[2022-02-18 20:15:54] [DEBUG] GET from : undefined
[2022-02-18 20:15:54] [DEBUG] GET from : undefined
[2022-02-18 20:15:54] [DEBUG] GET from : undefined
[2022-02-18 20:15:54] [DEBUG] GET from : undefined
[2022-02-18 20:15:54] [DEBUG] GET from : undefined
[2022-02-18 20:15:54] [DEBUG] GET from : undefined
[2022-02-18 21:48:26] [DEBUG] GET from : undefined
[2022-02-18 21:48:34] [DEBUG] GET from : undefined
[2022-02-18 21:48:40] [DEBUG] GET from : undefined
[2022-02-18 21:52:10] [DEBUG] GET from : undefined
[2022-02-18 21:53:13] [DEBUG] GET from : undefined
[2022-02-18 21:53:39] [DEBUG] GET from : undefined
[2022-02-18 21:53:47] [DEBUG] GET from : undefined
[2022-02-18 21:57:50] [DEBUG] GET from : undefined
[2022-02-18 21:58:20] [DEBUG] GET from : undefined
[2022-02-18 21:59:35] [DEBUG] GET from : undefined
[2022-02-18 22:0:2] [DEBUG] GET from : undefined
[2022-02-18 22:0:11] [DEBUG] GET from : undefined
[2022-02-18 22:1:27] [DEBUG] GET from : undefined
[2022-02-18 22:1:36] [DEBUG] GET from : undefined
[2022-02-18 22:2:6] [DEBUG] GET from : undefined
[2022-02-18 22:2:6] [DEBUG] GET from : 127.0.0.1
[2022-02-18 22:2:10] [DEBUG] GET from : undefined
[2022-02-18 22:2:10] [DEBUG] GET from : 127.0.0.1
[2022-02-18 22:2:18] [DEBUG] GET from : undefined
[2022-02-18 22:2:18] [DEBUG] GET from : 127.0.0.1
[2022-02-18 22:2:30] [DEBUG] GET from : undefined
[2022-02-18 22:2:30] [DEBUG] GET from : 127.0.0.1
[2022-02-18 22:21:1] [DEBUG] GET from : undefined
[2022-02-18 22:21:7] [DEBUG] GET from : undefined
[2022-02-18 22:26:13] [DEBUG] GET from : undefined
[2022-02-18 22:26:28] [DEBUG] GET from : undefined
[2022-02-18 22:45:21] [DEBUG] GET from : undefined
[2022-02-18 22:50:18] [DEBUG] GET from : undefined
[2022-02-18 22:59:31] [DEBUG] GET from : undefined
[2022-02-18 22:59:40] [DEBUG] GET from : undefined
[2022-02-18 22:59:57] [DEBUG] GET from : undefined
[2022-02-18 23:2:48] [DEBUG] GET from : undefined
[2022-02-18 23:16:17] [DEBUG] GET from : undefined
[2022-02-18 23:16:26] [DEBUG] GET from : undefined
[2022-03-04 19:8:16] [DEBUG] GET from : undefined
[2022-03-04 19:8:21] [DEBUG] GET from : undefined
[2022-03-04 19:9:11] [DEBUG] GET from : undefined
[2022-03-04 19:9:12] [DEBUG] GET from : undefined
[2022-03-04 19:9:53] [DEBUG] GET from : undefined
[2022-03-18 14:34:34] [DEBUG] GET from : undefined
[2022-03-18 14:35:7] [DEBUG] GET from : undefined
[2022-03-18 14:35:13] [DEBUG] GET from : undefined
[2022-03-18 14:35:27] [DEBUG] GET from : 127.0.0.1
[2022-03-18 14:36:42] [DEBUG] GET from : 127.0.0.1
[2022-03-18 14:37:27] [DEBUG] GET from : undefined
[2022-03-18 14:38:40] [DEBUG] GET from : undefined
[2022-03-18 14:41:11] [DEBUG] GET from : undefined
[2022-03-18 14:41:27] [DEBUG] GET from : undefined
[2022-03-18 14:42:11] [DEBUG] GET from : undefined
[2022-03-18 14:42:25] [DEBUG] GET from : undefined
[2022-03-18 14:42:48] [DEBUG] GET from : undefined
[2022-03-18 14:44:0] [DEBUG] GET from : undefined
[2022-03-18 14:45:13] [DEBUG] GET from : undefined
[2022-03-18 14:46:54] [DEBUG] GET from : undefined
[2022-03-18 14:47:3] [DEBUG] GET from : undefined
[2022-03-18 14:47:6] [DEBUG] GET from : undefined
[2022-03-18 14:49:47] [DEBUG] GET from : undefined
[2022-03-18 14:57:13] [DEBUG] GET from : undefined
[2022-03-18 14:57:15] [DEBUG] GET from : undefined
[2022-03-18 14:57:40] [DEBUG] GET from : undefined
[2022-03-18 14:58:22] [DEBUG] GET from : undefined
[2022-03-18 14:58:36] [DEBUG] GET from : undefined
[2022-03-18 14:58:58] [DEBUG] GET from : undefined
[2022-03-18 14:59:42] [DEBUG] GET from : undefined
[2022-03-18 14:59:49] [DEBUG] GET from : undefined
[2022-03-18 15:2:16] [DEBUG] GET from : undefined
[2022-03-18 15:2:45] [DEBUG] GET from : undefined
[2022-03-18 15:2:53] [DEBUG] GET from : undefined
[2022-03-18 15:3:1] [DEBUG] GET from : undefined
[2022-03-18 15:3:8] [DEBUG] GET from : undefined
[2022-03-18 15:3:25] [DEBUG] GET from : undefined
[2022-03-18 15:5:44] [DEBUG] GET from : undefined
[2022-03-19 18:23:34] [DEBUG] GET from : undefined
[2022-03-19 18:24:27] [DEBUG] GET from : undefined
[2022-03-19 18:25:5] [DEBUG] GET from : undefined
[2022-03-19 18:27:53] [DEBUG] GET from : undefined
[2022-03-19 18:28:48] [DEBUG] GET from : undefined
[2022-03-19 18:31:8] [DEBUG] GET from : undefined
[2022-03-19 18:33:20] [DEBUG] GET from : undefined
[2022-03-19 18:33:53] [DEBUG] GET from : undefined
[2022-03-19 18:34:18] [DEBUG] GET from : undefined
[2022-03-19 18:40:4] [DEBUG] GET from : undefined
[2022-03-19 18:40:56] [DEBUG] GET from : undefined
[2022-03-19 18:41:30] [DEBUG] GET from : undefined
[2022-03-19 18:52:7] [DEBUG] GET from : undefined
[2022-03-19 18:56:48] [DEBUG] GET from : undefined
[2022-03-19 18:58:0] [DEBUG] GET from : undefined
[2022-03-19 18:58:25] [DEBUG] GET from : undefined
[2022-03-19 18:59:27] [DEBUG] GET from : undefined
[2022-03-19 19:4:27] [DEBUG] GET from : undefined
[2022-03-19 19:4:51] [DEBUG] GET from : undefined
[2022-03-19 19:6:18] [DEBUG] GET from : undefined
[2022-03-19 19:12:29] [DEBUG] GET from : undefined
[2022-03-19 19:13:43] [DEBUG] GET from : undefined
[2022-03-19 19:15:33] [DEBUG] GET from : undefined
[2022-03-19 19:15:35] [DEBUG] GET from : undefined
[2022-03-19 19:15:37] [DEBUG] GET from : undefined
[2022-03-19 19:15:47] [DEBUG] GET from : undefined
[2022-03-19 19:15:49] [DEBUG] GET from : undefined
[2022-03-19 19:19:35] [DEBUG] GET from : undefined
[2022-03-19 19:19:47] [DEBUG] GET from : undefined
[2022-03-19 19:20:21] [DEBUG] GET from : undefined
[2022-03-19 19:34:21] [DEBUG] GET from : undefined
[2022-03-19 20:44:30] [DEBUG] GET from : undefined
[2022-03-19 21:7:16] [DEBUG] GET from : undefined
[2022-03-19 21:8:12] [DEBUG] GET from : undefined
[2022-03-19 21:8:54] [DEBUG] GET from : undefined
[2022-03-19 21:11:53] [DEBUG] GET from : undefined
[2022-03-19 21:12:19] [DEBUG] GET from : undefined
[2022-03-19 21:12:35] [DEBUG] GET from : undefined
[2022-03-19 21:12:47] [DEBUG] GET from : undefined
[2022-03-19 21:12:59] [DEBUG] GET from : undefined
[2022-03-19 21:13:15] [DEBUG] GET from : undefined
[2022-03-19 21:13:49] [DEBUG] GET from : undefined
[2022-03-19 21:14:57] [DEBUG] GET from : undefined
[2022-03-19 21:16:47] [DEBUG] GET from : undefined
[2022-03-19 21:18:3] [DEBUG] GET from : undefined
[2022-03-19 21:18:20] [DEBUG] GET from : undefined
[2022-03-19 21:18:45] [DEBUG] GET from : undefined
[2022-03-19 21:18:58] [DEBUG] GET from : undefined
[2022-03-19 21:19:52] [DEBUG] GET from : undefined
[2022-03-19 21:20:10] [DEBUG] GET from : undefined
[2022-03-19 21:20:47] [DEBUG] GET from : undefined
[2022-03-19 21:21:21] [DEBUG] GET from : undefined
[2022-03-19 21:21:34] [DEBUG] GET from : undefined
[2022-03-19 21:21:47] [DEBUG] GET from : undefined
[2022-03-19 21:22:12] [DEBUG] GET from : undefined
[2022-03-19 21:22:27] [DEBUG] GET from : undefined
[2022-03-19 21:22:33] [DEBUG] GET from : undefined
[2022-03-19 21:23:32] [DEBUG] GET from : undefined
[2022-03-19 21:25:25] [DEBUG] GET from : undefined
[2022-03-19 21:34:37] [DEBUG] GET from : undefined
[2022-03-19 21:36:0] [DEBUG] GET from : undefined
[2022-03-19 21:36:40] [DEBUG] GET from : undefined
[2022-03-19 21:39:56] [DEBUG] GET from : undefined
[2022-03-19 22:7:23] [DEBUG] GET from : undefined
[2022-03-19 22:7:37] [DEBUG] GET from : undefined
[2022-03-19 22:7:40] [DEBUG] GET from : undefined
[2022-03-19 22:8:8] [DEBUG] GET from : undefined
[2022-03-19 22:8:14] [DEBUG] GET from : undefined
[2022-03-19 22:8:35] [DEBUG] GET from : undefined
[2022-03-19 22:8:48] [DEBUG] GET from : undefined
[2022-03-19 22:8:53] [DEBUG] GET from : undefined
[2022-03-19 22:8:57] [DEBUG] GET from : undefined
[2022-03-19 22:9:0] [DEBUG] GET from : undefined
[2022-03-19 22:9:3] [DEBUG] GET from : undefined
[2022-03-19 22:9:8] [DEBUG] GET from : undefined
[2022-03-19 22:9:41] [DEBUG] GET from : undefined
[2022-03-19 22:9:47] [DEBUG] GET from : undefined
[2022-03-19 22:10:2] [DEBUG] GET from : undefined
[2022-03-19 22:10:14] [DEBUG] GET from : undefined
[2022-03-19 22:10:22] [DEBUG] GET from : undefined
[2022-03-19 22:10:27] [DEBUG] GET from : undefined
[2022-03-19 22:11:0] [DEBUG] GET from : undefined
[2022-03-19 22:11:2] [DEBUG] GET from : undefined
[2022-03-21 10:55:51] [DEBUG] GET from : undefined
[2022-04-23 18:5:9] [DEBUG] GET from : undefined
[2022-04-23 18:7:11] [DEBUG] GET from : undefined
[2022-04-23 18:7:11] [DEBUG] GET from : undefined
[2022-04-23 18:7:12] [DEBUG] GET from : undefined
[2022-04-23 18:7:12] [DEBUG] GET from : undefined
[2022-04-23 18:7:12] [DEBUG] GET from : undefined
[2022-04-23 18:7:12] [DEBUG] GET from : undefined
[2022-04-23 18:7:12] [DEBUG] GET from : undefined
[2022-04-23 18:7:13] [DEBUG] GET from : undefined
[2022-04-23 18:7:13] [DEBUG] GET from : undefined
[2022-04-23 18:7:13] [DEBUG] GET from : undefined
[2022-04-23 18:7:13] [DEBUG] GET from : undefined
[2022-04-23 18:7:13] [DEBUG] GET from : undefined
[2022-04-23 18:7:13] [DEBUG] GET from : undefined
[2022-04-23 18:7:14] [DEBUG] GET from : undefined
[2022-04-23 18:7:14] [DEBUG] GET from : undefined
[2022-04-23 18:7:14] [DEBUG] GET from : undefined
[2022-04-23 18:7:14] [DEBUG] GET from : undefined
[2022-04-23 18:7:14] [DEBUG] GET from : undefined
[2022-04-23 18:7:14] [DEBUG] GET from : undefined
[2022-04-23 18:7:14] [DEBUG] GET from : undefined
[2022-04-23 18:16:8] [DEBUG] GET from : undefined
[2022-04-23 18:16:11] [DEBUG] GET from : undefined
[2022-04-23 18:16:16] [DEBUG] GET from : undefined
[2022-04-23 18:16:40] [DEBUG] GET from : undefined
[2022-04-23 18:16:45] [DEBUG] GET from : undefined
[2022-04-23 18:16:52] [DEBUG] GET from : undefined
[2022-04-23 18:17:1] [DEBUG] GET from : undefined
[2022-04-23 18:18:50] [DEBUG] GET from : undefined
[2022-04-23 18:19:41] [DEBUG] GET from : undefined
[2022-04-23 18:20:33] [DEBUG] GET from : undefined
[2022-04-23 18:20:49] [DEBUG] GET from : undefined
[2022-04-23 18:20:57] [DEBUG] GET from : undefined
[2022-04-23 18:21:6] [DEBUG] GET from : undefined
[2022-04-23 18:21:14] [DEBUG] GET from : undefined
[2022-05-14 17:25:39] [DEBUG] GET from : undefined
[2022-05-14 17:25:44] [DEBUG] GET from : undefined
[2022-05-17 15:50:52] [DEBUG] GET from : undefined
[2022-05-17 15:55:20] [DEBUG] GET from : undefined
[2022-05-17 15:55:23] [DEBUG] GET from : undefined
[2022-05-17 15:55:30] [DEBUG] GET from : undefined
[2022-05-17 15:55:50] [DEBUG] GET from : undefined
[2022-05-17 15:55:54] [DEBUG] GET from : undefined
[2022-05-17 15:58:43] [DEBUG] GET from : undefined
[2022-05-17 16:0:10] [DEBUG] GET from : undefined
[2022-05-17 16:0:32] [DEBUG] GET from : undefined
[2022-05-17 16:1:27] [DEBUG] GET from : undefined
[2022-05-17 16:1:46] [DEBUG] GET from : undefined
[2022-05-17 16:2:6] [DEBUG] GET from : undefined
[2022-05-17 16:4:3] [DEBUG] GET from : undefined
[2022-05-17 16:4:20] [DEBUG] GET from : undefined
[2022-05-17 16:7:18] [DEBUG] GET from : undefined
[2022-05-17 16:7:55] [DEBUG] GET from : undefined
[2022-05-17 16:9:19] [DEBUG] GET from : undefined
[2022-05-17 16:9:30] [DEBUG] GET from : undefined
[2022-05-17 16:16:5] [DEBUG] GET from : undefined
[2022-05-17 16:17:26] [DEBUG] GET from : undefined
[2022-05-17 16:17:36] [DEBUG] GET from : undefined
[2022-05-17 16:18:57] [DEBUG] GET from : undefined
[2022-05-17 16:19:38] [DEBUG] GET from : undefined
[2022-05-17 16:19:58] [DEBUG] GET from : undefined
[2022-05-17 16:25:27] [DEBUG] GET from : undefined
[2022-05-17 16:26:46] [DEBUG] GET from : undefined
[2022-05-17 16:27:12] [DEBUG] GET from : undefined
[2022-05-22 18:36:21] [DEBUG] GET from : undefined
[2022-05-22 18:36:25] [DEBUG] GET from : undefined
[2022-05-22 18:36:30] [DEBUG] GET from : undefined
[2022-05-22 18:37:54] [DEBUG] GET from : undefined
[2022-05-22 18:39:27] [DEBUG] GET from : undefined
[2022-05-22 18:41:51] [DEBUG] GET from : undefined
[2022-05-22 18:41:58] [DEBUG] GET from : undefined
[2022-05-22 18:43:48] [DEBUG] GET from : undefined
[2022-05-22 18:44:0] [DEBUG] GET from : undefined
[2022-05-22 18:45:1] [DEBUG] GET from : undefined
[2022-05-22 18:48:28] [DEBUG] GET from : undefined
[2022-05-22 18:49:35] [DEBUG] GET from : undefined
[2022-05-22 18:49:43] [DEBUG] GET from : undefined
[2022-05-22 18:50:44] [DEBUG] GET from : undefined
[2022-05-22 18:51:50] [DEBUG] GET from : undefined
[2022-05-22 18:53:9] [DEBUG] GET from : undefined
[2022-05-22 18:54:15] [DEBUG] GET from : undefined
[2022-05-24 17:40:47] [DEBUG] GET from : undefined
[2022-05-24 17:40:51] [DEBUG] GET from : undefined
[2022-05-24 17:40:58] [DEBUG] GET from : undefined
[2022-05-24 17:48:37] [DEBUG] GET from : undefined
[2022-05-24 17:48:58] [DEBUG] GET from : undefined
[2022-05-24 17:50:12] [DEBUG] GET from : undefined
[2022-05-24 17:52:4] [DEBUG] GET from : undefined
[2022-05-24 17:55:12] [DEBUG] GET from : undefined
[2022-05-24 18:2:13] [DEBUG] GET from : undefined
[2022-05-24 18:2:15] [DEBUG] GET from : undefined
[2022-05-24 18:2:25] [DEBUG] GET from : undefined
[2022-05-24 18:3:7] [DEBUG] GET from : undefined
[2022-05-24 18:3:44] [DEBUG] GET from : undefined
[2022-05-24 18:4:50] [DEBUG] GET from : undefined
[2022-05-24 18:8:2] [DEBUG] GET from : undefined
[2022-05-24 18:8:23] [DEBUG] GET from : undefined
[2022-05-24 18:8:35] [DEBUG] GET from : undefined
[2022-05-24 18:34:51] [DEBUG] GET from : undefined
[2022-05-24 18:35:10] [DEBUG] GET from : undefined
[2022-05-24 18:35:20] [DEBUG] GET from : undefined
[2022-05-24 18:35:39] [DEBUG] GET from : undefined
[2022-05-24 18:37:18] [DEBUG] GET from : undefined
[2022-05-24 18:37:35] [DEBUG] GET from : undefined
[2022-05-24 18:37:48] [DEBUG] GET from : undefined
[2022-05-24 18:38:15] [DEBUG] GET from : undefined
[2022-05-24 18:46:42] [DEBUG] GET from : undefined
[2022-05-24 18:58:16] [DEBUG] GET from : undefined
[2022-05-24 18:59:18] [DEBUG] GET from : undefined
[2022-05-24 19:0:27] [DEBUG] GET from : undefined
[2022-05-24 19:5:15] [DEBUG] GET from : undefined
[2022-05-24 19:7:40] [DEBUG] GET from : undefined
[2022-05-24 19:8:5] [DEBUG] GET from : undefined
[2022-05-24 19:8:14] [DEBUG] GET from : undefined
[2022-05-24 19:10:51] [DEBUG] GET from : undefined
[2022-05-24 19:10:53] [DEBUG] GET from : undefined
[2022-05-24 19:11:13] [DEBUG] GET from : undefined
[2022-05-24 19:11:36] [DEBUG] GET from : undefined
[2022-05-24 19:14:29] [DEBUG] GET from : undefined
[2022-05-24 19:14:49] [DEBUG] GET from : undefined
[2022-05-24 19:16:39] [DEBUG] GET from : undefined
[2022-05-24 19:27:16] [DEBUG] GET from : 127.0.0.1
[2022-05-24 19:27:20] [DEBUG] GET from : 127.0.0.1
[2022-05-24 19:27:35] [DEBUG] GET from : undefined
[2022-05-24 19:27:55] [DEBUG] GET from : undefined
[2022-05-24 19:28:42] [DEBUG] GET from : undefined
[2022-05-24 19:29:10] [DEBUG] GET from : undefined
[2022-05-24 19:29:19] [DEBUG] GET from : 127.0.0.1
[2022-05-24 19:29:30] [DEBUG] GET from : undefined
[2022-05-24 19:31:44] [DEBUG] GET from : undefined
[2022-05-24 19:32:47] [DEBUG] GET from : undefined
[2022-05-24 19:35:32] [DEBUG] GET from : undefined
[2022-05-24 19:39:51] [DEBUG] GET from : undefined
[2022-05-24 19:40:45] [DEBUG] GET from : undefined
[2022-05-24 19:41:2] [DEBUG] GET from : undefined
[2022-05-24 19:41:25] [DEBUG] GET from : undefined
[2022-05-24 19:42:21] [DEBUG] GET from : undefined
[2022-05-24 19:46:43] [DEBUG] GET from : undefined
[2022-05-24 19:47:22] [DEBUG] GET from : undefined
[2022-05-24 19:47:57] [DEBUG] GET from : undefined
[2022-05-24 19:49:28] [DEBUG] GET from : undefined
[2022-05-24 19:49:43] [DEBUG] GET from : undefined
[2022-05-24 19:50:5] [DEBUG] GET from : undefined
[2022-05-24 19:51:1] [DEBUG] GET from : undefined
[2022-05-24 20:0:40] [DEBUG] GET from : undefined
[2022-05-24 20:1:2] [DEBUG] GET from : undefined
[2022-05-24 20:1:34] [DEBUG] GET from : undefined
[2022-05-24 20:1:52] [DEBUG] GET from : undefined
[2022-05-24 20:2:24] [DEBUG] GET from : undefined
[2022-05-24 20:3:7] [DEBUG] GET from : undefined
[2022-05-24 20:3:38] [DEBUG] GET from : undefined
[2022-05-24 20:4:47] [DEBUG] GET from : undefined
[2022-05-24 20:44:33] [DEBUG] GET from : undefined
[2022-05-24 20:45:2] [DEBUG] GET from : undefined
[2022-05-24 20:46:38] [DEBUG] GET from : undefined
[2022-06-04 22:6:59] [DEBUG] GET from : 127.0.0.1
[2022-06-04 22:7:0] [DEBUG] GET from : 127.0.0.1
[2022-06-04 22:8:19] [DEBUG] GET from : undefined
[2022-06-04 22:8:24] [DEBUG] GET from : undefined
[2022-06-06 16:9:44] [DEBUG] GET from : undefined
[2022-06-06 16:57:47] [DEBUG] GET from : undefined
[2022-06-06 17:8:28] [DEBUG] GET from : 127.0.0.1
[2022-06-06 17:46:52] [DEBUG] GET from : 127.0.0.1
[2022-06-06 17:46:59] [DEBUG] GET from : 127.0.0.1
[2022-06-06 17:47:23] [DEBUG] GET from : 127.0.0.1
[2022-06-06 17:47:38] [DEBUG] GET from : 127.0.0.1
[2022-06-06 17:47:39] [DEBUG] GET from : 127.0.0.1
[2022-06-06 17:47:54] [DEBUG] GET from : 127.0.0.1
[2022-06-06 17:47:56] [DEBUG] GET from : 127.0.0.1
[2022-06-06 17:48:14] [DEBUG] GET from : 127.0.0.1
[2022-06-06 17:48:24] [DEBUG] GET from : 127.0.0.1
[2022-06-06 17:48:36] [DEBUG] GET from : 127.0.0.1
[2022-06-06 17:48:40] [DEBUG] GET from : 127.0.0.1
[2022-06-06 17:48:43] [DEBUG] GET from : 127.0.0.1
[2022-06-06 17:48:46] [DEBUG] GET from : 127.0.0.1
[2022-06-06 17:48:49] [DEBUG] GET from : 127.0.0.1
[2022-06-06 17:48:53] [DEBUG] GET from : undefined
[2022-06-06 17:49:5] [DEBUG] GET from : undefined
[2022-06-06 17:50:25] [DEBUG] GET from : undefined
[2022-06-06 17:50:59] [DEBUG] GET from : 127.0.0.1
[2022-06-06 17:51:26] [DEBUG] GET from : 127.0.0.1
[2022-06-06 17:51:30] [DEBUG] GET from : 127.0.0.1
[2022-06-06 17:51:47] [DEBUG] GET from : 127.0.0.1
[2022-06-06 17:52:33] [DEBUG] GET from : 127.0.0.1
[2022-06-06 17:52:43] [DEBUG] GET from : 127.0.0.1
[2022-06-06 17:52:59] [DEBUG] GET from : 127.0.0.1
[2022-06-06 17:53:17] [DEBUG] GET from : 127.0.0.1
[2022-06-06 17:54:27] [DEBUG] GET from : 127.0.0.1
[2022-06-06 17:58:32] [DEBUG] GET from : 127.0.0.1
[2022-06-06 17:58:35] [DEBUG] GET from : 127.0.0.1
[2022-06-06 17:58:38] [DEBUG] GET from : 127.0.0.1
[2022-06-06 18:33:56] [DEBUG] GET from : 127.0.0.1
[2022-06-06 18:34:22] [DEBUG] GET from : 127.0.0.1
[2022-06-06 18:38:52] [DEBUG] GET from : 127.0.0.1
[2022-06-06 18:39:7] [DEBUG] GET from : 127.0.0.1
[2022-06-06 18:40:40] [DEBUG] GET from : 127.0.0.1
[2022-06-06 18:41:15] [DEBUG] GET from : 127.0.0.1
[2022-06-06 18:41:17] [DEBUG] GET from : 127.0.0.1
[2022-06-06 18:41:40] [DEBUG] GET from : 127.0.0.1
[2022-06-06 18:42:6] [DEBUG] GET from : 127.0.0.1
[2022-06-07 16:28:55]    
  ███╗   ███╗███████╗██████╗  ██████╗██╗   ██╗██████╗ ██╗   ██╗     ██████╗██╗      ██████╗ ██╗   ██╗██████╗      █████╗ ██████╗ ██╗
  ████╗ ████║██╔════╝██╔══██╗██╔════╝██║   ██║██╔══██╗╚██╗ ██╔╝    ██╔════╝██║     ██╔═══██╗██║   ██║██╔══██╗    ██╔══██╗██╔══██╗██║
  ██╔████╔██║█████╗  ██████╔╝██║     ██║   ██║██████╔╝ ╚████╔╝     ██║     ██║     ██║   ██║██║   ██║██║  ██║    ███████║██████╔╝██║
  ██║╚██╔╝██║██╔══╝  ██╔══██╗██║     ██║   ██║██╔══██╗  ╚██╔╝      ██║     ██║     ██║   ██║██║   ██║██║  ██║    ██╔══██║██╔═══╝ ██║
  ██║ ╚═╝ ██║███████╗██║  ██║╚██████╗╚██████╔╝██║  ██║   ██║       ╚██████╗███████╗╚██████╔╝╚██████╔╝██████╔╝    ██║  ██║██║     ██║
  ╚═╝     ╚═╝╚══════╝╚═╝  ╚═╝ ╚═════╝ ╚═════╝ ╚═╝  ╚═╝   ╚═╝        ╚═════╝╚══════╝ ╚═════╝  ╚═════╝ ╚═════╝     ╚═╝  ╚═╝╚═╝     ╚═╝
[2022-06-07 16:29:5]   [ERROR] Database error !
  Error: connect ETIMEDOUT
    at Connection._handleConnectTimeout (/home/savalet/Documents/MercuryCloud_Dashboard/node_modules/mysql/lib/Connection.js:409:13)
    at Object.onceWrapper (node:events:645:28)
    at Socket.emit (node:events:526:28)
    at Socket._onTimeout (node:net:502:8)
    at listOnTimeout (node:internal/timers:559:17)
    at processTimers (node:internal/timers:502:7)
    --------------------
    at Protocol._enqueue (/home/savalet/Documents/MercuryCloud_Dashboard/node_modules/mysql/lib/protocol/Protocol.js:144:48)
    at Protocol.handshake (/home/savalet/Documents/MercuryCloud_Dashboard/node_modules/mysql/lib/protocol/Protocol.js:51:23)
    at Connection.connect (/home/savalet/Documents/MercuryCloud_Dashboard/node_modules/mysql/lib/Connection.js:116:18)
    at Object.<anonymous> (/home/savalet/Documents/MercuryCloud_Dashboard/server.js:44:12)
    at Module._compile (node:internal/modules/cjs/loader:1103:14)
    at Object.Module._extensions..js (node:internal/modules/cjs/loader:1157:10)
    at Module.load (node:internal/modules/cjs/loader:981:32)
    at Function.Module._load (node:internal/modules/cjs/loader:822:12)
    at Function.executeUserEntryPoint [as runMain] (node:internal/modules/run_main:77:12)
    at node:internal/main/run_main_module:17:47
[2022-06-07 16:30:18]    
  ███╗   ███╗███████╗██████╗  ██████╗██╗   ██╗██████╗ ██╗   ██╗     ██████╗██╗      ██████╗ ██╗   ██╗██████╗      █████╗ ██████╗ ██╗
  ████╗ ████║██╔════╝██╔══██╗██╔════╝██║   ██║██╔══██╗╚██╗ ██╔╝    ██╔════╝██║     ██╔═══██╗██║   ██║██╔══██╗    ██╔══██╗██╔══██╗██║
  ██╔████╔██║█████╗  ██████╔╝██║     ██║   ██║██████╔╝ ╚████╔╝     ██║     ██║     ██║   ██║██║   ██║██║  ██║    ███████║██████╔╝██║
  ██║╚██╔╝██║██╔══╝  ██╔══██╗██║     ██║   ██║██╔══██╗  ╚██╔╝      ██║     ██║     ██║   ██║██║   ██║██║  ██║    ██╔══██║██╔═══╝ ██║
  ██║ ╚═╝ ██║███████╗██║  ██║╚██████╗╚██████╔╝██║  ██║   ██║       ╚██████╗███████╗╚██████╔╝╚██████╔╝██████╔╝    ██║  ██║██║     ██║
  ╚═╝     ╚═╝╚══════╝╚═╝  ╚═╝ ╚═════╝ ╚═════╝ ╚═╝  ╚═╝   ╚═╝        ╚═════╝╚══════╝ ╚═════╝  ╚═════╝ ╚═════╝     ╚═╝  ╚═╝╚═╝     ╚═╝
[2022-06-07 16:30:28]  [ERROR] Database error !
  Error: connect ETIMEDOUT
    at Connection._handleConnectTimeout (/home/savalet/Documents/MercuryCloud_Dashboard/node_modules/mysql/lib/Connection.js:409:13)
    at Object.onceWrapper (node:events:645:28)
    at Socket.emit (node:events:526:28)
    at Socket._onTimeout (node:net:502:8)
    at listOnTimeout (node:internal/timers:559:17)
    at processTimers (node:internal/timers:502:7)
    --------------------
    at Protocol._enqueue (/home/savalet/Documents/MercuryCloud_Dashboard/node_modules/mysql/lib/protocol/Protocol.js:144:48)
    at Protocol.handshake (/home/savalet/Documents/MercuryCloud_Dashboard/node_modules/mysql/lib/protocol/Protocol.js:51:23)
    at Connection.connect (/home/savalet/Documents/MercuryCloud_Dashboard/node_modules/mysql/lib/Connection.js:116:18)
    at Object.<anonymous> (/home/savalet/Documents/MercuryCloud_Dashboard/server.js:44:12)
    at Module._compile (node:internal/modules/cjs/loader:1103:14)
    at Object.Module._extensions..js (node:internal/modules/cjs/loader:1157:10)
    at Module.load (node:internal/modules/cjs/loader:981:32)
    at Function.Module._load (node:internal/modules/cjs/loader:822:12)
    at Function.executeUserEntryPoint [as runMain] (node:internal/modules/run_main:77:12)
    at node:internal/main/run_main_module:17:47
[2022-06-07 16:31:10]    
  ███╗   ███╗███████╗██████╗  ██████╗██╗   ██╗██████╗ ██╗   ██╗     ██████╗██╗      ██████╗ ██╗   ██╗██████╗      █████╗ ██████╗ ██╗
  ████╗ ████║██╔════╝██╔══██╗██╔════╝██║   ██║██╔══██╗╚██╗ ██╔╝    ██╔════╝██║     ██╔═══██╗██║   ██║██╔══██╗    ██╔══██╗██╔══██╗██║
  ██╔████╔██║█████╗  ██████╔╝██║     ██║   ██║██████╔╝ ╚████╔╝     ██║     ██║     ██║   ██║██║   ██║██║  ██║    ███████║██████╔╝██║
  ██║╚██╔╝██║██╔══╝  ██╔══██╗██║     ██║   ██║██╔══██╗  ╚██╔╝      ██║     ██║     ██║   ██║██║   ██║██║  ██║    ██╔══██║██╔═══╝ ██║
  ██║ ╚═╝ ██║███████╗██║  ██║╚██████╗╚██████╔╝██║  ██║   ██║       ╚██████╗███████╗╚██████╔╝╚██████╔╝██████╔╝    ██║  ██║██║     ██║
  ╚═╝     ╚═╝╚══════╝╚═╝  ╚═╝ ╚═════╝ ╚═════╝ ╚═╝  ╚═╝   ╚═╝        ╚═════╝╚══════╝ ╚═════╝  ╚═════╝ ╚═════╝     ╚═╝  ╚═╝╚═╝     ╚═╝
[2022-06-07 16:31:20]  [ERROR] Database error !
  Error: connect ETIMEDOUT
    at Connection._handleConnectTimeout (/home/savalet/Documents/MercuryCloud_Dashboard/node_modules/mysql/lib/Connection.js:409:13)
    at Object.onceWrapper (node:events:645:28)
    at Socket.emit (node:events:526:28)
    at Socket._onTimeout (node:net:502:8)
    at listOnTimeout (node:internal/timers:559:17)
    at processTimers (node:internal/timers:502:7)
    --------------------
    at Protocol._enqueue (/home/savalet/Documents/MercuryCloud_Dashboard/node_modules/mysql/lib/protocol/Protocol.js:144:48)
    at Protocol.handshake (/home/savalet/Documents/MercuryCloud_Dashboard/node_modules/mysql/lib/protocol/Protocol.js:51:23)
    at Connection.connect (/home/savalet/Documents/MercuryCloud_Dashboard/node_modules/mysql/lib/Connection.js:116:18)
    at Object.<anonymous> (/home/savalet/Documents/MercuryCloud_Dashboard/server.js:44:12)
    at Module._compile (node:internal/modules/cjs/loader:1103:14)
    at Object.Module._extensions..js (node:internal/modules/cjs/loader:1157:10)
    at Module.load (node:internal/modules/cjs/loader:981:32)
    at Function.Module._load (node:internal/modules/cjs/loader:822:12)
    at Function.executeUserEntryPoint [as runMain] (node:internal/modules/run_main:77:12)
    at node:internal/main/run_main_module:17:47
[2022-06-07 16:31:47]    



  ███╗   ███╗███████╗██████╗  ██████╗██╗   ██╗██████╗ ██╗   ██╗     ██████╗██╗      ██████╗ ██╗   ██╗██████╗      █████╗ ██████╗ ██╗
  ████╗ ████║██╔════╝██╔══██╗██╔════╝██║   ██║██╔══██╗╚██╗ ██╔╝    ██╔════╝██║     ██╔═══██╗██║   ██║██╔══██╗    ██╔══██╗██╔══██╗██║
  ██╔████╔██║█████╗  ██████╔╝██║     ██║   ██║██████╔╝ ╚████╔╝     ██║     ██║     ██║   ██║██║   ██║██║  ██║    ███████║██████╔╝██║
  ██║╚██╔╝██║██╔══╝  ██╔══██╗██║     ██║   ██║██╔══██╗  ╚██╔╝      ██║     ██║     ██║   ██║██║   ██║██║  ██║    ██╔══██║██╔═══╝ ██║
  ██║ ╚═╝ ██║███████╗██║  ██║╚██████╗╚██████╔╝██║  ██║   ██║       ╚██████╗███████╗╚██████╔╝╚██████╔╝██████╔╝    ██║  ██║██║     ██║
  ╚═╝     ╚═╝╚══════╝╚═╝  ╚═╝ ╚═════╝ ╚═════╝ ╚═╝  ╚═╝   ╚═╝        ╚═════╝╚══════╝ ╚═════╝  ╚═════╝ ╚═════╝     ╚═╝  ╚═╝╚═╝     ╚═╝
[2022-06-07 16:31:57]  [ERROR] Database error !
  Error: connect ETIMEDOUT
    at Connection._handleConnectTimeout (/home/savalet/Documents/MercuryCloud_Dashboard/node_modules/mysql/lib/Connection.js:409:13)
    at Object.onceWrapper (node:events:645:28)
    at Socket.emit (node:events:526:28)
    at Socket._onTimeout (node:net:502:8)
    at listOnTimeout (node:internal/timers:559:17)
    at processTimers (node:internal/timers:502:7)
    --------------------
    at Protocol._enqueue (/home/savalet/Documents/MercuryCloud_Dashboard/node_modules/mysql/lib/protocol/Protocol.js:144:48)
    at Protocol.handshake (/home/savalet/Documents/MercuryCloud_Dashboard/node_modules/mysql/lib/protocol/Protocol.js:51:23)
    at Connection.connect (/home/savalet/Documents/MercuryCloud_Dashboard/node_modules/mysql/lib/Connection.js:116:18)
    at Object.<anonymous> (/home/savalet/Documents/MercuryCloud_Dashboard/server.js:47:12)
    at Module._compile (node:internal/modules/cjs/loader:1103:14)
    at Object.Module._extensions..js (node:internal/modules/cjs/loader:1157:10)
    at Module.load (node:internal/modules/cjs/loader:981:32)
    at Function.Module._load (node:internal/modules/cjs/loader:822:12)
    at Function.executeUserEntryPoint [as runMain] (node:internal/modules/run_main:77:12)
    at node:internal/main/run_main_module:17:47
[2022-06-08 15:7:3]    



  ███╗   ███╗███████╗██████╗  ██████╗██╗   ██╗██████╗ ██╗   ██╗     ██████╗██╗      ██████╗ ██╗   ██╗██████╗      █████╗ ██████╗ ██╗
  ████╗ ████║██╔════╝██╔══██╗██╔════╝██║   ██║██╔══██╗╚██╗ ██╔╝    ██╔════╝██║     ██╔═══██╗██║   ██║██╔══██╗    ██╔══██╗██╔══██╗██║
  ██╔████╔██║█████╗  ██████╔╝██║     ██║   ██║██████╔╝ ╚████╔╝     ██║     ██║     ██║   ██║██║   ██║██║  ██║    ███████║██████╔╝██║
  ██║╚██╔╝██║██╔══╝  ██╔══██╗██║     ██║   ██║██╔══██╗  ╚██╔╝      ██║     ██║     ██║   ██║██║   ██║██║  ██║    ██╔══██║██╔═══╝ ██║
  ██║ ╚═╝ ██║███████╗██║  ██║╚██████╗╚██████╔╝██║  ██║   ██║       ╚██████╗███████╗╚██████╔╝╚██████╔╝██████╔╝    ██║  ██║██║     ██║
  ╚═╝     ╚═╝╚══════╝╚═╝  ╚═╝ ╚═════╝ ╚═════╝ ╚═╝  ╚═╝   ╚═╝        ╚═════╝╚══════╝ ╚═════╝  ╚═════╝ ╚═════╝     ╚═╝  ╚═╝╚═╝     ╚═╝
[2022-06-08 15:7:13]  [ERROR] Database error !
  Error: connect ETIMEDOUT
    at Connection._handleConnectTimeout (/var/www/mercurycloud-dashboard/node_modules/mysql/lib/Connection.js:409:13)
    at Object.onceWrapper (node:events:641:28)
    at Socket.emit (node:events:527:28)
    at Socket._onTimeout (node:net:516:8)
    at listOnTimeout (node:internal/timers:559:17)
    at processTimers (node:internal/timers:502:7)
    --------------------
    at Protocol._enqueue (/var/www/mercurycloud-dashboard/node_modules/mysql/lib/protocol/Protocol.js:144:48)
    at Protocol.handshake (/var/www/mercurycloud-dashboard/node_modules/mysql/lib/protocol/Protocol.js:51:23)
    at Connection.connect (/var/www/mercurycloud-dashboard/node_modules/mysql/lib/Connection.js:116:18)
    at Object.<anonymous> (/var/www/mercurycloud-dashboard/server.js:47:12)
    at Module._compile (node:internal/modules/cjs/loader:1105:14)
    at Object.Module._extensions..js (node:internal/modules/cjs/loader:1159:10)
    at Module.load (node:internal/modules/cjs/loader:981:32)
    at Function.Module._load (node:internal/modules/cjs/loader:822:12)
    at Function.executeUserEntryPoint [as runMain] (node:internal/modules/run_main:77:12)
    at node:internal/main/run_main_module:17:47
[2022-06-08 15:7:40]    



  ███╗   ███╗███████╗██████╗  ██████╗██╗   ██╗██████╗ ██╗   ██╗     ██████╗██╗      ██████╗ ██╗   ██╗██████╗      █████╗ ██████╗ ██╗
  ████╗ ████║██╔════╝██╔══██╗██╔════╝██║   ██║██╔══██╗╚██╗ ██╔╝    ██╔════╝██║     ██╔═══██╗██║   ██║██╔══██╗    ██╔══██╗██╔══██╗██║
  ██╔████╔██║█████╗  ██████╔╝██║     ██║   ██║██████╔╝ ╚████╔╝     ██║     ██║     ██║   ██║██║   ██║██║  ██║    ███████║██████╔╝██║
  ██║╚██╔╝██║██╔══╝  ██╔══██╗██║     ██║   ██║██╔══██╗  ╚██╔╝      ██║     ██║     ██║   ██║██║   ██║██║  ██║    ██╔══██║██╔═══╝ ██║
  ██║ ╚═╝ ██║███████╗██║  ██║╚██████╗╚██████╔╝██║  ██║   ██║       ╚██████╗███████╗╚██████╔╝╚██████╔╝██████╔╝    ██║  ██║██║     ██║
  ╚═╝     ╚═╝╚══════╝╚═╝  ╚═╝ ╚═════╝ ╚═════╝ ╚═╝  ╚═╝   ╚═╝        ╚═════╝╚══════╝ ╚═════╝  ╚═════╝ ╚═════╝     ╚═╝  ╚═╝╚═╝     ╚═╝
[2022-06-08 15:7:40]  [INFO] Database succefull connected ! (50435)
[2022-06-08 15:7:40]  [INFO] MercuryCloud API listening on http://localhost:400/ !
[2022-06-08 15:11:43]    



  ███╗   ███╗███████╗██████╗  ██████╗██╗   ██╗██████╗ ██╗   ██╗     ██████╗██╗      ██████╗ ██╗   ██╗██████╗      █████╗ ██████╗ ██╗
  ████╗ ████║██╔════╝██╔══██╗██╔════╝██║   ██║██╔══██╗╚██╗ ██╔╝    ██╔════╝██║     ██╔═══██╗██║   ██║██╔══██╗    ██╔══██╗██╔══██╗██║
  ██╔████╔██║█████╗  ██████╔╝██║     ██║   ██║██████╔╝ ╚████╔╝     ██║     ██║     ██║   ██║██║   ██║██║  ██║    ███████║██████╔╝██║
  ██║╚██╔╝██║██╔══╝  ██╔══██╗██║     ██║   ██║██╔══██╗  ╚██╔╝      ██║     ██║     ██║   ██║██║   ██║██║  ██║    ██╔══██║██╔═══╝ ██║
  ██║ ╚═╝ ██║███████╗██║  ██║╚██████╗╚██████╔╝██║  ██║   ██║       ╚██████╗███████╗╚██████╔╝╚██████╔╝██████╔╝    ██║  ██║██║     ██║
  ╚═╝     ╚═╝╚══════╝╚═╝  ╚═╝ ╚═════╝ ╚═════╝ ╚═╝  ╚═╝   ╚═╝        ╚═════╝╚══════╝ ╚═════╝  ╚═════╝ ╚═════╝     ╚═╝  ╚═╝╚═╝     ╚═╝
[2022-06-08 15:11:43]  [INFO] Database succefull connected ! (50514)
[2022-06-08 15:11:43]  [INFO] MercuryCloud API listening on http://localhost:400/ !
[2022-06-08 15:11:45]  [DEBUG] GET from : undefined
[2022-06-08 15:28:38]  [DEBUG] GET from : undefined
[2022-06-08 15:33:37]    



  ███╗   ███╗███████╗██████╗  ██████╗██╗   ██╗██████╗ ██╗   ██╗     ██████╗██╗      ██████╗ ██╗   ██╗██████╗      █████╗ ██████╗ ██╗
  ████╗ ████║██╔════╝██╔══██╗██╔════╝██║   ██║██╔══██╗╚██╗ ██╔╝    ██╔════╝██║     ██╔═══██╗██║   ██║██╔══██╗    ██╔══██╗██╔══██╗██║
  ██╔████╔██║█████╗  ██████╔╝██║     ██║   ██║██████╔╝ ╚████╔╝     ██║     ██║     ██║   ██║██║   ██║██║  ██║    ███████║██████╔╝██║
  ██║╚██╔╝██║██╔══╝  ██╔══██╗██║     ██║   ██║██╔══██╗  ╚██╔╝      ██║     ██║     ██║   ██║██║   ██║██║  ██║    ██╔══██║██╔═══╝ ██║
  ██║ ╚═╝ ██║███████╗██║  ██║╚██████╗╚██████╔╝██║  ██║   ██║       ╚██████╗███████╗╚██████╔╝╚██████╔╝██████╔╝    ██║  ██║██║     ██║
  ╚═╝     ╚═╝╚══════╝╚═╝  ╚═╝ ╚═════╝ ╚═════╝ ╚═╝  ╚═╝   ╚═╝        ╚═════╝╚══════╝ ╚═════╝  ╚═════╝ ╚═════╝     ╚═╝  ╚═╝╚═╝     ╚═╝
[2022-06-08 15:33:37]  [INFO] Database succefull connected ! (50744)
[2022-06-08 15:33:37]  [INFO] MercuryCloud API listening on http://localhost:400/ !
[2022-06-08 15:33:40]  [DEBUG] GET from : undefined
